<?xml version="1.0" encoding="UTF-8"?>
<testsuite name="cs3500.pa03.DriverTest" tests="1" skipped="0" failures="0" errors="0" timestamp="2023-06-15T06:11:11" hostname="Rayui-MacBookAir.local" time="0.039">
  <properties/>
  <testcase name="instantiations()" classname="cs3500.pa03.DriverTest" time="0.039"/>
  <system-out><![CDATA[]]></system-out>
  <system-err><![CDATA[]]></system-err>
</testsuite>
