<?xml version="1.0" encoding="UTF-8"?>
<testsuite name="cs3500.pa03.modeltest.GameStateTest" tests="8" skipped="0" failures="0" errors="0" timestamp="2023-06-15T06:11:11" hostname="Rayui-MacBookAir.local" time="0.023">
  <properties/>
  <testcase name="getP1()" classname="cs3500.pa03.modeltest.GameStateTest" time="0.001"/>
  <testcase name="getP2()" classname="cs3500.pa03.modeltest.GameStateTest" time="0.001"/>
  <testcase name="setHeight()" classname="cs3500.pa03.modeltest.GameStateTest" time="0.001"/>
  <testcase name="getHeight()" classname="cs3500.pa03.modeltest.GameStateTest" time="0.002"/>
  <testcase name="setSpecifications()" classname="cs3500.pa03.modeltest.GameStateTest" time="0.001"/>
  <testcase name="setWidth()" classname="cs3500.pa03.modeltest.GameStateTest" time="0.002"/>
  <testcase name="getSpecifications()" classname="cs3500.pa03.modeltest.GameStateTest" time="0.003"/>
  <testcase name="getWidth()" classname="cs3500.pa03.modeltest.GameStateTest" time="0.001"/>
  <system-out><![CDATA[]]></system-out>
  <system-err><![CDATA[]]></system-err>
</testsuite>
