<?xml version="1.0" encoding="UTF-8"?>
<testsuite name="cs3500.pa03.controllertest.EndGameControllerTest" tests="2" skipped="0" failures="0" errors="0" timestamp="2023-06-15T06:11:11" hostname="Rayui-MacBookAir.local" time="0.042">
  <properties/>
  <testcase name="endGameSequenceP1Loss()" classname="cs3500.pa03.controllertest.EndGameControllerTest" time="0.04"/>
  <testcase name="endGameSequenceDraw()" classname="cs3500.pa03.controllertest.EndGameControllerTest" time="0.001"/>
  <system-out><![CDATA[]]></system-out>
  <system-err><![CDATA[]]></system-err>
</testsuite>
