<?xml version="1.0" encoding="UTF-8"?>
<testsuite name="cs3500.pa04.controllertest.ProxyControllerTest" tests="9" skipped="0" failures="0" errors="0" timestamp="2023-06-15T06:11:12" hostname="Rayui-MacBookAir.local" time="0.46">
  <properties/>
  <testcase name="successfulHits()" classname="cs3500.pa04.controllertest.ProxyControllerTest" time="0.3"/>
  <testcase name="listenBadRequest()" classname="cs3500.pa04.controllertest.ProxyControllerTest" time="0.004"/>
  <testcase name="join()" classname="cs3500.pa04.controllertest.ProxyControllerTest" time="0.023"/>
  <testcase name="endGameWin()" classname="cs3500.pa04.controllertest.ProxyControllerTest" time="0.009"/>
  <testcase name="setup()" classname="cs3500.pa04.controllertest.ProxyControllerTest" time="0.058"/>
  <testcase name="reportDamage()" classname="cs3500.pa04.controllertest.ProxyControllerTest" time="0.032"/>
  <testcase name="endGameDraw()" classname="cs3500.pa04.controllertest.ProxyControllerTest" time="0.009"/>
  <testcase name="endGameLose()" classname="cs3500.pa04.controllertest.ProxyControllerTest" time="0.008"/>
  <testcase name="takeShots()" classname="cs3500.pa04.controllertest.ProxyControllerTest" time="0.008"/>
  <system-out><![CDATA[]]></system-out>
  <system-err><![CDATA[]]></system-err>
</testsuite>
