<?xml version="1.0" encoding="UTF-8"?>
<testsuite name="cs3500.pa03.controllertest.SalvoControllerTest" tests="1" skipped="0" failures="0" errors="0" timestamp="2023-06-15T06:11:11" hostname="Rayui-MacBookAir.local" time="0.025">
  <properties/>
  <testcase name="getUserAttack()" classname="cs3500.pa03.controllertest.SalvoControllerTest" time="0.025"/>
  <system-out><![CDATA[Please enter 4 coordinates to attack:
I'm sorry. You have entered an invalid set of coordinates.
Please try again:
I'm sorry. You have entered an invalid set of coordinates.
Please try again:
I'm sorry. You have entered an invalid set of coordinates.
Please try again:
I'm sorry. You have entered an invalid set of coordinates.
Please try again:
I'm sorry. You have entered an invalid set of coordinates.
Please try again:
I'm sorry. You have entered an invalid set of coordinates.
Please try again:
]]></system-out>
  <system-err><![CDATA[]]></system-err>
</testsuite>
