<?xml version="1.0" encoding="UTF-8"?>
<testsuite name="cs3500.pa04.DriverTest" tests="2" skipped="0" failures="0" errors="0" timestamp="2023-06-15T06:11:11" hostname="Rayui-MacBookAir.local" time="0.041">
  <properties/>
  <testcase name="driverParseArgs()" classname="cs3500.pa04.DriverTest" time="0.037"/>
  <testcase name="instantiations()" classname="cs3500.pa04.DriverTest" time="0.002"/>
  <system-out><![CDATA[]]></system-out>
  <system-err><![CDATA[]]></system-err>
</testsuite>
