<?xml version="1.0" encoding="UTF-8"?>
<testsuite name="cs3500.pa03.modeltest.ComputerPlayerTest" tests="5" skipped="0" failures="0" errors="0" timestamp="2023-06-15T06:11:11" hostname="Rayui-MacBookAir.local" time="0.043">
  <properties/>
  <testcase name="successfulHits()" classname="cs3500.pa03.modeltest.ComputerPlayerTest" time="0.002"/>
  <testcase name="endGame()" classname="cs3500.pa03.modeltest.ComputerPlayerTest" time="0.006"/>
  <testcase name="name()" classname="cs3500.pa03.modeltest.ComputerPlayerTest" time="0.002"/>
  <testcase name="setup()" classname="cs3500.pa03.modeltest.ComputerPlayerTest" time="0.001"/>
  <testcase name="reportDamage()" classname="cs3500.pa03.modeltest.ComputerPlayerTest" time="0.022"/>
  <system-out><![CDATA[]]></system-out>
  <system-err><![CDATA[]]></system-err>
</testsuite>
