<?xml version="1.0" encoding="UTF-8"?>
<testsuite name="cs3500.pa03.modeltest.UserPlayerTest" tests="6" skipped="0" failures="0" errors="0" timestamp="2023-06-15T06:11:11" hostname="Rayui-MacBookAir.local" time="0.014">
  <properties/>
  <testcase name="successfulHits()" classname="cs3500.pa03.modeltest.UserPlayerTest" time="0.001"/>
  <testcase name="endGame()" classname="cs3500.pa03.modeltest.UserPlayerTest" time="0.001"/>
  <testcase name="name()" classname="cs3500.pa03.modeltest.UserPlayerTest" time="0.0"/>
  <testcase name="setup()" classname="cs3500.pa03.modeltest.UserPlayerTest" time="0.001"/>
  <testcase name="reportDamage()" classname="cs3500.pa03.modeltest.UserPlayerTest" time="0.0"/>
  <testcase name="takeShots()" classname="cs3500.pa03.modeltest.UserPlayerTest" time="0.006"/>
  <system-out><![CDATA[The game resulted in a Win
You Win!
Please enter 4 coordinates to attack:
]]></system-out>
  <system-err><![CDATA[]]></system-err>
</testsuite>
