<?xml version="1.0" encoding="UTF-8"?>
<testsuite name="cs3500.pa03.modeltest.ShipTest" tests="4" skipped="0" failures="0" errors="0" timestamp="2023-06-15T06:11:11" hostname="Rayui-MacBookAir.local" time="0.004">
  <properties/>
  <testcase name="gotHit()" classname="cs3500.pa03.modeltest.ShipTest" time="0.001"/>
  <testcase name="isSunk()" classname="cs3500.pa03.modeltest.ShipTest" time="0.001"/>
  <testcase name="getShipCoords()" classname="cs3500.pa03.modeltest.ShipTest" time="0.001"/>
  <testcase name="getShipType()" classname="cs3500.pa03.modeltest.ShipTest" time="0.001"/>
  <system-out><![CDATA[]]></system-out>
  <system-err><![CDATA[]]></system-err>
</testsuite>
